<?xml version="1.0" encoding="UTF-8"?>
<!-- Generated by org.testng.reporters.JUnitXMLReporter -->
<testsuite hostname="BLRKEC335440D" ignored="0" name="Test1" tests="1" failures="0" timestamp="18 Jul 2018 10:09:16 GMT" time="0.442" errors="0">
  <testcase name="@BeforeMethod startBrowser" time="0.208" classname="com.automate.eaby.appiumwrapper.AppiumBase">
    <failure type="java.lang.NoClassDefFoundError" message="org/openqa/selenium/NoSuchSessionException">
      <![CDATA[java.lang.NoClassDefFoundError: org/openqa/selenium/NoSuchSessionExceptionat io.appium.java_client.AppiumDriver.<init>(AppiumDriver.java:111)at io.appium.java_client.android.AndroidDriver.<init>(AndroidDriver.java:73)at com.automate.eaby.appiumwrapper.AppiumBase.startBrowser(AppiumBase.java:65)Caused by: java.lang.ClassNotFoundException: org.openqa.selenium.NoSuchSessionExceptionat java.net.URLClassLoader.findClass(Unknown Source)at java.lang.ClassLoader.loadClass(Unknown Source)at sun.misc.Launcher$AppClassLoader.loadClass(Unknown Source)at java.lang.ClassLoader.loadClass(Unknown Source)... 31 more... Removed 28 stack frames]]>
    </failure>
  </testcase> <!-- @BeforeMethod startBrowser -->
  <testcase name="toVerifyLoginToApp" time="0.0" classname="com.automate.ebay.test.PurchaseTest">
    <skipped/>
  </testcase> <!-- toVerifyLoginToApp -->
</testsuite> <!-- Test1 -->
